Determining if the pthread_create exist failed with the following output:
Change Dir: /home/shiqing/catkin_ws_hector_slam_load_static_map/build/CMakeFiles/CMakeTmp

Run Build Command:"/usr/bin/make" "cmTC_f0e1f/fast"
/usr/bin/make -f CMakeFiles/cmTC_f0e1f.dir/build.make CMakeFiles/cmTC_f0e1f.dir/build
make[1]: Entering directory '/home/shiqing/catkin_ws_hector_slam_load_static_map/build/CMakeFiles/CMakeTmp'
Building C object CMakeFiles/cmTC_f0e1f.dir/CheckSymbolExists.c.o
/usr/bin/cc    -o CMakeFiles/cmTC_f0e1f.dir/CheckSymbolExists.c.o   -c /home/shiqing/catkin_ws_hector_slam_load_static_map/build/CMakeFiles/CMakeTmp/CheckSymbolExists.c
Linking C executable cmTC_f0e1f
/usr/bin/cmake -E cmake_link_script CMakeFiles/cmTC_f0e1f.dir/link.txt --verbose=1
/usr/bin/cc      -rdynamic CMakeFiles/cmTC_f0e1f.dir/CheckSymbolExists.c.o  -o cmTC_f0e1f 
CMakeFiles/cmTC_f0e1f.dir/CheckSymbolExists.c.o: In function `main':
CheckSymbolExists.c:(.text+0x1b): undefined reference to `pthread_create'
collect2: error: ld returned 1 exit status
CMakeFiles/cmTC_f0e1f.dir/build.make:97: recipe for target 'cmTC_f0e1f' failed
make[1]: *** [cmTC_f0e1f] Error 1
make[1]: Leaving directory '/home/shiqing/catkin_ws_hector_slam_load_static_map/build/CMakeFiles/CMakeTmp'
Makefile:126: recipe for target 'cmTC_f0e1f/fast' failed
make: *** [cmTC_f0e1f/fast] Error 2

File /home/shiqing/catkin_ws_hector_slam_load_static_map/build/CMakeFiles/CMakeTmp/CheckSymbolExists.c:
/* */
#include <pthread.h>

int main(int argc, char** argv)
{
  (void)argv;
#ifndef pthread_create
  return ((int*)(&pthread_create))[argc];
#else
  (void)argc;
  return 0;
#endif
}

Determining if the function pthread_create exists in the pthreads failed with the following output:
Change Dir: /home/shiqing/catkin_ws_hector_slam_load_static_map/build/CMakeFiles/CMakeTmp

Run Build Command:"/usr/bin/make" "cmTC_542ef/fast"
/usr/bin/make -f CMakeFiles/cmTC_542ef.dir/build.make CMakeFiles/cmTC_542ef.dir/build
make[1]: Entering directory '/home/shiqing/catkin_ws_hector_slam_load_static_map/build/CMakeFiles/CMakeTmp'
Building C object CMakeFiles/cmTC_542ef.dir/CheckFunctionExists.c.o
/usr/bin/cc   -DCHECK_FUNCTION_EXISTS=pthread_create   -o CMakeFiles/cmTC_542ef.dir/CheckFunctionExists.c.o   -c /usr/share/cmake-3.10/Modules/CheckFunctionExists.c
Linking C executable cmTC_542ef
/usr/bin/cmake -E cmake_link_script CMakeFiles/cmTC_542ef.dir/link.txt --verbose=1
/usr/bin/cc  -DCHECK_FUNCTION_EXISTS=pthread_create    -rdynamic CMakeFiles/cmTC_542ef.dir/CheckFunctionExists.c.o  -o cmTC_542ef -lpthreads 
/usr/bin/ld: cannot find -lpthreads
collect2: error: ld returned 1 exit status
CMakeFiles/cmTC_542ef.dir/build.make:97: recipe for target 'cmTC_542ef' failed
make[1]: *** [cmTC_542ef] Error 1
make[1]: Leaving directory '/home/shiqing/catkin_ws_hector_slam_load_static_map/build/CMakeFiles/CMakeTmp'
Makefile:126: recipe for target 'cmTC_542ef/fast' failed
make: *** [cmTC_542ef/fast] Error 2


Determining if the Q_WS_WIN exist failed with the following output:
Change Dir: /home/shiqing/catkin_ws_hector_slam_load_static_map/build/CMakeFiles/CMakeTmp

Run Build Command:"/usr/bin/make" "cmTC_e0f0e/fast"
/usr/bin/make -f CMakeFiles/cmTC_e0f0e.dir/build.make CMakeFiles/cmTC_e0f0e.dir/build
make[1]: Entering directory '/home/shiqing/catkin_ws_hector_slam_load_static_map/build/CMakeFiles/CMakeTmp'
Building CXX object CMakeFiles/cmTC_e0f0e.dir/CheckSymbolExists.cxx.o
/usr/bin/c++   -I/usr/include/qt4   -o CMakeFiles/cmTC_e0f0e.dir/CheckSymbolExists.cxx.o -c /home/shiqing/catkin_ws_hector_slam_load_static_map/build/CMakeFiles/CMakeTmp/CheckSymbolExists.cxx
/home/shiqing/catkin_ws_hector_slam_load_static_map/build/CMakeFiles/CMakeTmp/CheckSymbolExists.cxx: In function ‘int main(int, char**)’:
/home/shiqing/catkin_ws_hector_slam_load_static_map/build/CMakeFiles/CMakeTmp/CheckSymbolExists.cxx:8:19: error: ‘Q_WS_WIN’ was not declared in this scope
   return ((int*)(&Q_WS_WIN))[argc];
                   ^~~~~~~~
/home/shiqing/catkin_ws_hector_slam_load_static_map/build/CMakeFiles/CMakeTmp/CheckSymbolExists.cxx:8:19: note: suggested alternative: ‘Q_WS_X11’
   return ((int*)(&Q_WS_WIN))[argc];
                   ^~~~~~~~
                   Q_WS_X11
CMakeFiles/cmTC_e0f0e.dir/build.make:65: recipe for target 'CMakeFiles/cmTC_e0f0e.dir/CheckSymbolExists.cxx.o' failed
make[1]: *** [CMakeFiles/cmTC_e0f0e.dir/CheckSymbolExists.cxx.o] Error 1
make[1]: Leaving directory '/home/shiqing/catkin_ws_hector_slam_load_static_map/build/CMakeFiles/CMakeTmp'
Makefile:126: recipe for target 'cmTC_e0f0e/fast' failed
make: *** [cmTC_e0f0e/fast] Error 2

File /home/shiqing/catkin_ws_hector_slam_load_static_map/build/CMakeFiles/CMakeTmp/CheckSymbolExists.cxx:
/* */
#include <QtCore/qglobal.h>

int main(int argc, char** argv)
{
  (void)argv;
#ifndef Q_WS_WIN
  return ((int*)(&Q_WS_WIN))[argc];
#else
  (void)argc;
  return 0;
#endif
}

Determining if the Q_WS_QWS exist failed with the following output:
Change Dir: /home/shiqing/catkin_ws_hector_slam_load_static_map/build/CMakeFiles/CMakeTmp

Run Build Command:"/usr/bin/make" "cmTC_21585/fast"
/usr/bin/make -f CMakeFiles/cmTC_21585.dir/build.make CMakeFiles/cmTC_21585.dir/build
make[1]: Entering directory '/home/shiqing/catkin_ws_hector_slam_load_static_map/build/CMakeFiles/CMakeTmp'
Building CXX object CMakeFiles/cmTC_21585.dir/CheckSymbolExists.cxx.o
/usr/bin/c++   -I/usr/include/qt4   -o CMakeFiles/cmTC_21585.dir/CheckSymbolExists.cxx.o -c /home/shiqing/catkin_ws_hector_slam_load_static_map/build/CMakeFiles/CMakeTmp/CheckSymbolExists.cxx
/home/shiqing/catkin_ws_hector_slam_load_static_map/build/CMakeFiles/CMakeTmp/CheckSymbolExists.cxx: In function ‘int main(int, char**)’:
/home/shiqing/catkin_ws_hector_slam_load_static_map/build/CMakeFiles/CMakeTmp/CheckSymbolExists.cxx:8:19: error: ‘Q_WS_QWS’ was not declared in this scope
   return ((int*)(&Q_WS_QWS))[argc];
                   ^~~~~~~~
/home/shiqing/catkin_ws_hector_slam_load_static_map/build/CMakeFiles/CMakeTmp/CheckSymbolExists.cxx:8:19: note: suggested alternative: ‘Q_WS_X11’
   return ((int*)(&Q_WS_QWS))[argc];
                   ^~~~~~~~
                   Q_WS_X11
CMakeFiles/cmTC_21585.dir/build.make:65: recipe for target 'CMakeFiles/cmTC_21585.dir/CheckSymbolExists.cxx.o' failed
make[1]: *** [CMakeFiles/cmTC_21585.dir/CheckSymbolExists.cxx.o] Error 1
make[1]: Leaving directory '/home/shiqing/catkin_ws_hector_slam_load_static_map/build/CMakeFiles/CMakeTmp'
Makefile:126: recipe for target 'cmTC_21585/fast' failed
make: *** [cmTC_21585/fast] Error 2

File /home/shiqing/catkin_ws_hector_slam_load_static_map/build/CMakeFiles/CMakeTmp/CheckSymbolExists.cxx:
/* */
#include <QtCore/qglobal.h>

int main(int argc, char** argv)
{
  (void)argv;
#ifndef Q_WS_QWS
  return ((int*)(&Q_WS_QWS))[argc];
#else
  (void)argc;
  return 0;
#endif
}

Determining if the Q_WS_MAC exist failed with the following output:
Change Dir: /home/shiqing/catkin_ws_hector_slam_load_static_map/build/CMakeFiles/CMakeTmp

Run Build Command:"/usr/bin/make" "cmTC_01e5b/fast"
/usr/bin/make -f CMakeFiles/cmTC_01e5b.dir/build.make CMakeFiles/cmTC_01e5b.dir/build
make[1]: Entering directory '/home/shiqing/catkin_ws_hector_slam_load_static_map/build/CMakeFiles/CMakeTmp'
Building CXX object CMakeFiles/cmTC_01e5b.dir/CheckSymbolExists.cxx.o
/usr/bin/c++   -I/usr/include/qt4   -o CMakeFiles/cmTC_01e5b.dir/CheckSymbolExists.cxx.o -c /home/shiqing/catkin_ws_hector_slam_load_static_map/build/CMakeFiles/CMakeTmp/CheckSymbolExists.cxx
/home/shiqing/catkin_ws_hector_slam_load_static_map/build/CMakeFiles/CMakeTmp/CheckSymbolExists.cxx: In function ‘int main(int, char**)’:
/home/shiqing/catkin_ws_hector_slam_load_static_map/build/CMakeFiles/CMakeTmp/CheckSymbolExists.cxx:8:19: error: ‘Q_WS_MAC’ was not declared in this scope
   return ((int*)(&Q_WS_MAC))[argc];
                   ^~~~~~~~
/home/shiqing/catkin_ws_hector_slam_load_static_map/build/CMakeFiles/CMakeTmp/CheckSymbolExists.cxx:8:19: note: suggested alternative: ‘Q_WS_X11’
   return ((int*)(&Q_WS_MAC))[argc];
                   ^~~~~~~~
                   Q_WS_X11
CMakeFiles/cmTC_01e5b.dir/build.make:65: recipe for target 'CMakeFiles/cmTC_01e5b.dir/CheckSymbolExists.cxx.o' failed
make[1]: *** [CMakeFiles/cmTC_01e5b.dir/CheckSymbolExists.cxx.o] Error 1
make[1]: Leaving directory '/home/shiqing/catkin_ws_hector_slam_load_static_map/build/CMakeFiles/CMakeTmp'
Makefile:126: recipe for target 'cmTC_01e5b/fast' failed
make: *** [cmTC_01e5b/fast] Error 2

File /home/shiqing/catkin_ws_hector_slam_load_static_map/build/CMakeFiles/CMakeTmp/CheckSymbolExists.cxx:
/* */
#include <QtCore/qglobal.h>

int main(int argc, char** argv)
{
  (void)argv;
#ifndef Q_WS_MAC
  return ((int*)(&Q_WS_MAC))[argc];
#else
  (void)argc;
  return 0;
#endif
}

